INFO 2024-02-08 19:11:42,202 autoreload 9716 13824 Watching for file changes with StatReloader
INFO 2024-02-08 19:11:48,136 basehttp 9716 15640 "GET /about/ HTTP/1.1" 200 308
INFO 2024-02-08 19:11:51,023 basehttp 9716 15640 "GET /about/ HTTP/1.1" 200 308
INFO 2024-02-08 19:13:26,295 autoreload 12860 3612 Watching for file changes with StatReloader
INFO 2024-02-08 19:13:31,638 basehttp 12860 13168 "GET /about/ HTTP/1.1" 200 308
INFO 2024-02-08 19:13:32,152 basehttp 12860 13168 "GET /about/ HTTP/1.1" 200 308
INFO 2024-02-08 19:13:32,579 basehttp 12860 13168 "GET /about/ HTTP/1.1" 200 308
INFO 2024-02-08 19:14:01,779 basehttp 12860 13168 "GET / HTTP/1.1" 200 388
INFO 2024-02-08 19:14:05,486 basehttp 12860 13168 "GET /about/ HTTP/1.1" 200 308
INFO 2024-02-08 19:14:10,493 basehttp 12860 13168 "GET / HTTP/1.1" 200 388
INFO 2024-02-08 19:14:23,992 basehttp 12860 13168 "GET / HTTP/1.1" 200 388
INFO 2024-02-08 19:14:24,850 basehttp 12860 13168 "GET / HTTP/1.1" 200 388
INFO 2024-02-08 19:14:32,678 basehttp 12860 13168 "GET / HTTP/1.1" 200 388
INFO 2024-02-08 19:14:33,672 basehttp 12860 13168 "GET / HTTP/1.1" 200 388
INFO 2024-02-13 05:16:26,296 autoreload 13176 11520 Watching for file changes with StatReloader
INFO 2024-02-13 05:16:36,562 basehttp 13176 684 "GET / HTTP/1.1" 200 388
INFO 2024-02-13 05:16:38,684 basehttp 13176 684 "GET / HTTP/1.1" 200 388
INFO 2024-02-13 05:16:44,495 basehttp 13176 684 "GET /about/ HTTP/1.1" 200 308
INFO 2024-02-13 05:16:46,123 basehttp 13176 684 "GET /about/ HTTP/1.1" 200 308
INFO 2024-02-13 05:16:47,743 basehttp 13176 684 "GET /about/ HTTP/1.1" 200 308
INFO 2024-02-15 00:06:18,792 autoreload 8088 12604 Watching for file changes with StatReloader
INFO 2024-02-15 00:06:22,862 basehttp 8088 12828 "GET / HTTP/1.1" 200 388
INFO 2024-02-15 00:06:24,906 basehttp 8088 12828 "GET / HTTP/1.1" 200 388
INFO 2024-02-17 21:50:13,859 autoreload 8036 16292 Watching for file changes with StatReloader
INFO 2024-02-17 21:50:16,878 basehttp 8036 21764 "GET / HTTP/1.1" 200 388
INFO 2024-02-17 21:50:23,682 basehttp 8036 21764 "GET /about/ HTTP/1.1" 200 308
INFO 2024-02-18 23:50:53,935 autoreload 17116 23268 Watching for file changes with StatReloader
INFO 2024-02-18 23:50:56,275 basehttp 17116 21640 "GET / HTTP/1.1" 200 388
WARNING 2024-02-18 23:50:56,549 log 17116 21640 Not Found: /favicon.ico
WARNING 2024-02-18 23:50:56,550 basehttp 17116 21640 "GET /favicon.ico HTTP/1.1" 404 2548
INFO 2024-02-18 23:51:06,530 basehttp 17116 21640 "GET /about/ HTTP/1.1" 200 308
INFO 2024-02-18 23:51:19,958 basehttp 17116 21640 "GET /admin/ HTTP/1.1" 302 0
INFO 2024-02-18 23:51:20,233 basehttp 17116 21640 "GET /admin/login/?next=/admin/ HTTP/1.1" 200 4158
INFO 2024-02-18 23:51:20,268 basehttp 17116 21640 "GET /static/admin/css/base.css HTTP/1.1" 304 0
INFO 2024-02-18 23:51:20,268 basehttp 17116 21080 "GET /static/admin/css/dark_mode.css HTTP/1.1" 304 0
INFO 2024-02-18 23:51:20,269 basehttp 17116 18748 "GET /static/admin/css/nav_sidebar.css HTTP/1.1" 304 0
INFO 2024-02-18 23:51:20,269 basehttp 17116 15316 "GET /static/admin/css/login.css HTTP/1.1" 304 0
INFO 2024-02-18 23:51:20,269 basehttp 17116 1520 "GET /static/admin/css/responsive.css HTTP/1.1" 304 0
INFO 2024-02-18 23:51:20,269 basehttp 17116 15048 "GET /static/admin/js/theme.js HTTP/1.1" 304 0
INFO 2024-02-18 23:51:20,269 basehttp 17116 15316 "GET /static/admin/js/nav_sidebar.js HTTP/1.1" 304 0
WARNING 2024-02-18 23:51:36,678 log 17116 15316 Not Found: /myapp2/
WARNING 2024-02-18 23:51:36,679 basehttp 17116 15316 "GET /myapp2/ HTTP/1.1" 404 2536
INFO 2024-02-18 23:51:43,425 basehttp 17116 15316 "GET /myapp3/ HTTP/1.1" 200 337
INFO 2024-02-18 23:52:25,902 autoreload 17116 23268 C:\Users\Aleksandr\PycharmProjects\Django_project_2\myproject\myapp3\views.py changed, reloading.
INFO 2024-02-18 23:52:26,690 autoreload 22900 22112 Watching for file changes with StatReloader
INFO 2024-02-18 23:52:27,014 basehttp 22900 13636 "GET /myapp3/ HTTP/1.1" 200 337
INFO 2024-02-18 23:52:35,241 basehttp 22900 13636 "GET /myapp3/ HTTP/1.1" 200 337
INFO 2024-02-18 23:52:49,946 basehttp 22900 13636 "GET / HTTP/1.1" 200 388
INFO 2024-02-18 23:52:51,274 basehttp 22900 13636 "GET / HTTP/1.1" 200 388
WARNING 2024-02-18 23:53:01,464 log 22900 13636 Not Found: /myapp2/
WARNING 2024-02-18 23:53:01,465 basehttp 22900 13636 "GET /myapp2/ HTTP/1.1" 404 2536
INFO 2024-02-18 23:53:04,125 basehttp 22900 13636 "GET /myapp3/ HTTP/1.1" 200 337
INFO 2024-02-18 23:53:06,677 basehttp 22900 13636 "GET /myapp3/ HTTP/1.1" 200 337
INFO 2024-02-18 23:53:26,864 autoreload 22900 22112 C:\Users\Aleksandr\PycharmProjects\Django_project_2\myproject\myapp3\views.py changed, reloading.
INFO 2024-02-18 23:53:27,507 autoreload 16284 15872 Watching for file changes with StatReloader
INFO 2024-02-18 23:53:28,780 basehttp 16284 18072 "GET /myapp3/ HTTP/1.1" 200 337
INFO 2024-02-19 00:27:39,558 autoreload 14452 17420 Watching for file changes with StatReloader
INFO 2024-02-19 00:27:43,026 basehttp 14452 24508 "GET /myapp3/client_orders/3/ HTTP/1.1" 200 412
INFO 2024-02-19 00:28:17,979 basehttp 14452 24508 "GET /myapp3/client_orders/1/ HTTP/1.1" 200 412
INFO 2024-02-19 00:28:29,273 basehttp 14452 24508 "GET /myapp3/client_orders/2/ HTTP/1.1" 200 412
INFO 2024-02-19 00:29:24,904 basehttp 14452 24508 "GET /myapp3/client_orders/10/ HTTP/1.1" 200 412
ERROR 2024-02-19 00:30:09,014 log 14452 24508 Internal Server Error: /myapp3/client_orders/52/
Traceback (most recent call last):
  File "C:\Users\Aleksandr\PycharmProjects\Django_project_2\venv\lib\site-packages\django\core\handlers\exception.py", line 55, in inner
    response = get_response(request)
  File "C:\Users\Aleksandr\PycharmProjects\Django_project_2\venv\lib\site-packages\django\core\handlers\base.py", line 197, in _get_response
    response = wrapped_callback(request, *callback_args, **callback_kwargs)
  File "C:\Users\Aleksandr\PycharmProjects\Django_project_2\myproject\myapp3\views.py", line 11, in client_orders
    client = Client.objects.get(pk=client_id)
  File "C:\Users\Aleksandr\PycharmProjects\Django_project_2\venv\lib\site-packages\django\db\models\manager.py", line 87, in manager_method
    return getattr(self.get_queryset(), name)(*args, **kwargs)
  File "C:\Users\Aleksandr\PycharmProjects\Django_project_2\venv\lib\site-packages\django\db\models\query.py", line 649, in get
    raise self.model.DoesNotExist(
myapp3.models.Client.DoesNotExist: Client matching query does not exist.
ERROR 2024-02-19 00:30:09,017 basehttp 14452 24508 "GET /myapp3/client_orders/52/ HTTP/1.1" 500 74918
INFO 2024-02-19 00:30:16,246 basehttp 14452 24508 "GET /myapp3/client_orders/5/ HTTP/1.1" 200 412
INFO 2024-02-19 00:41:08,161 autoreload 22224 19760 Watching for file changes with StatReloader
INFO 2024-02-19 00:41:10,340 basehttp 22224 21628 "GET /myapp3/client_orders/5/ HTTP/1.1" 200 412
INFO 2024-02-19 00:41:11,661 basehttp 22224 21628 "GET /myapp3/client_orders/5/ HTTP/1.1" 200 412
INFO 2024-02-19 00:41:12,846 basehttp 22224 21628 "GET /myapp3/client_orders/5/ HTTP/1.1" 200 412
INFO 2024-02-19 00:41:27,045 basehttp 22224 21628 "GET /myapp3/client_orders/42 HTTP/1.1" 301 0
ERROR 2024-02-19 00:41:27,082 log 22224 18548 Internal Server Error: /myapp3/client_orders/42/
Traceback (most recent call last):
  File "C:\Users\Aleksandr\PycharmProjects\Django_project_2\venv\lib\site-packages\django\core\handlers\exception.py", line 55, in inner
    response = get_response(request)
  File "C:\Users\Aleksandr\PycharmProjects\Django_project_2\venv\lib\site-packages\django\core\handlers\base.py", line 197, in _get_response
    response = wrapped_callback(request, *callback_args, **callback_kwargs)
  File "C:\Users\Aleksandr\PycharmProjects\Django_project_2\myproject\myapp3\views.py", line 11, in client_orders
    client = Client.objects.get(pk=client_id)
  File "C:\Users\Aleksandr\PycharmProjects\Django_project_2\venv\lib\site-packages\django\db\models\manager.py", line 87, in manager_method
    return getattr(self.get_queryset(), name)(*args, **kwargs)
  File "C:\Users\Aleksandr\PycharmProjects\Django_project_2\venv\lib\site-packages\django\db\models\query.py", line 649, in get
    raise self.model.DoesNotExist(
myapp3.models.Client.DoesNotExist: Client matching query does not exist.
ERROR 2024-02-19 00:41:27,085 basehttp 22224 18548 "GET /myapp3/client_orders/42/ HTTP/1.1" 500 74918
INFO 2024-02-19 00:41:33,437 basehttp 22224 18548 "GET /myapp3/client_orders/4/ HTTP/1.1" 200 412
INFO 2024-02-19 00:42:53,634 autoreload 22224 19760 C:\Users\Aleksandr\PycharmProjects\Django_project_2\myproject\myapp3\views.py changed, reloading.
INFO 2024-02-19 00:42:54,395 autoreload 21784 21560 Watching for file changes with StatReloader
INFO 2024-02-19 00:45:38,316 basehttp 21784 23564 "GET /myapp3/client_orders/4/ HTTP/1.1" 200 412
INFO 2024-02-19 00:45:39,652 basehttp 21784 23564 "GET /myapp3/client_orders/4/ HTTP/1.1" 200 412
INFO 2024-02-19 00:46:33,931 basehttp 21784 23564 "GET /myapp3/client_orders/4/ HTTP/1.1" 200 436
INFO 2024-02-19 00:50:54,589 autoreload 21784 21560 C:\Users\Aleksandr\PycharmProjects\Django_project_2\myproject\myapp3\views.py changed, reloading.
INFO 2024-02-19 00:50:55,250 autoreload 20148 17136 Watching for file changes with StatReloader
INFO 2024-02-19 00:50:57,358 basehttp 20148 15456 "GET /myapp3/client_orders/4/ HTTP/1.1" 200 412
INFO 2024-02-19 00:50:58,629 basehttp 20148 15456 "GET /myapp3/client_orders/4/ HTTP/1.1" 200 412
INFO 2024-02-19 00:50:59,878 basehttp 20148 15456 "GET /myapp3/client_orders/4/ HTTP/1.1" 200 412
INFO 2024-02-19 00:56:45,474 basehttp 20148 24056 "GET /myapp3/client_orders/4/ HTTP/1.1" 200 412
INFO 2024-02-19 00:56:46,086 basehttp 20148 24056 "GET /myapp3/client_orders/4/ HTTP/1.1" 200 412
INFO 2024-02-19 00:56:46,553 basehttp 20148 24056 "GET /myapp3/client_orders/4/ HTTP/1.1" 200 412
INFO 2024-02-19 00:56:46,816 basehttp 20148 24056 "GET /myapp3/client_orders/4/ HTTP/1.1" 200 412
INFO 2024-02-19 00:56:47,043 basehttp 20148 24056 "GET /myapp3/client_orders/4/ HTTP/1.1" 200 412
INFO 2024-02-19 00:57:54,208 basehttp 20148 24056 "GET / HTTP/1.1" 200 388
WARNING 2024-02-19 00:58:06,905 log 20148 24056 Not Found: /myapp2/
WARNING 2024-02-19 00:58:06,905 basehttp 20148 24056 "GET /myapp2/ HTTP/1.1" 404 2536
WARNING 2024-02-19 00:58:12,169 log 20148 24056 Not Found: /myapp2/3
WARNING 2024-02-19 00:58:12,170 basehttp 20148 24056 "GET /myapp2/3 HTTP/1.1" 404 2539
WARNING 2024-02-19 00:58:28,119 log 20148 24056 Not Found: /myapp2/
WARNING 2024-02-19 00:58:28,119 basehttp 20148 24056 "GET /myapp2/ HTTP/1.1" 404 2536
WARNING 2024-02-19 00:58:34,518 log 20148 24056 Not Found: /myapp2/client_orders/5/
WARNING 2024-02-19 00:58:34,518 basehttp 20148 24056 "GET /myapp2/client_orders/5/ HTTP/1.1" 404 2584
INFO 2024-02-19 01:00:21,746 autoreload 16796 18344 Watching for file changes with StatReloader
INFO 2024-02-19 01:00:47,455 basehttp 16796 25176 "GET /myapp3/client_orders/5/ HTTP/1.1" 200 412
INFO 2024-02-19 01:00:49,452 basehttp 16796 25176 "GET /myapp3/client_orders/5/ HTTP/1.1" 200 412
INFO 2024-02-19 01:00:49,958 basehttp 16796 25176 "GET /myapp3/client_orders/5/ HTTP/1.1" 200 412
INFO 2024-02-19 01:00:50,352 basehttp 16796 25176 "GET /myapp3/client_orders/5/ HTTP/1.1" 200 412
INFO 2024-02-19 01:00:50,617 basehttp 16796 25176 "GET /myapp3/client_orders/5/ HTTP/1.1" 200 412
INFO 2024-02-19 01:00:50,874 basehttp 16796 25176 "GET /myapp3/client_orders/5/ HTTP/1.1" 200 412
INFO 2024-02-19 01:02:22,081 basehttp 16796 25176 "GET /myapp3/client_orders/5/ HTTP/1.1" 200 412
INFO 2024-02-19 01:02:23,108 basehttp 16796 25176 "GET /myapp3/client_orders/5/ HTTP/1.1" 200 412
INFO 2024-02-19 01:02:24,081 basehttp 16796 25176 "GET /myapp3/client_orders/5/ HTTP/1.1" 200 412
INFO 2024-02-19 01:02:24,898 basehttp 16796 25176 "GET /myapp3/client_orders/5/ HTTP/1.1" 200 412
INFO 2024-02-19 01:03:18,524 autoreload 16796 18344 C:\Users\Aleksandr\PycharmProjects\Django_project_2\myproject\myapp3\views.py changed, reloading.
INFO 2024-02-19 01:03:19,160 autoreload 15872 24044 Watching for file changes with StatReloader
INFO 2024-02-19 01:03:23,849 basehttp 15872 14792 "GET /myapp3/client_orders/5/ HTTP/1.1" 200 412
INFO 2024-02-19 01:03:24,663 basehttp 15872 14792 "GET /myapp3/client_orders/5/ HTTP/1.1" 200 412
INFO 2024-02-19 01:03:25,248 basehttp 15872 14792 "GET /myapp3/client_orders/5/ HTTP/1.1" 200 412
INFO 2024-02-19 01:03:25,689 basehttp 15872 14792 "GET /myapp3/client_orders/5/ HTTP/1.1" 200 412
INFO 2024-02-19 01:09:55,782 autoreload 19980 22532 Watching for file changes with StatReloader
INFO 2024-02-19 01:09:59,043 basehttp 19980 15144 "GET /myapp3/client_orders/5/ HTTP/1.1" 200 412
INFO 2024-02-19 01:10:00,634 basehttp 19980 15144 "GET /myapp3/client_orders/5/ HTTP/1.1" 200 412
INFO 2024-02-19 01:10:01,208 basehttp 19980 15144 "GET /myapp3/client_orders/5/ HTTP/1.1" 200 412
INFO 2024-02-19 01:10:02,175 basehttp 19980 15144 "GET /myapp3/client_orders/5/ HTTP/1.1" 200 412
INFO 2024-02-19 01:10:03,440 basehttp 19980 15144 "GET /myapp3/client_orders/5/ HTTP/1.1" 200 412
INFO 2024-02-19 01:11:53,895 autoreload 16496 19192 Watching for file changes with StatReloader
INFO 2024-02-19 01:11:56,886 basehttp 16496 22104 "GET /myapp3/client_orders/5/ HTTP/1.1" 200 412
INFO 2024-02-19 01:11:58,204 basehttp 16496 22104 "GET /myapp3/client_orders/5/ HTTP/1.1" 200 412
INFO 2024-02-19 01:11:58,764 basehttp 16496 22104 "GET /myapp3/client_orders/5/ HTTP/1.1" 200 412
INFO 2024-02-19 01:11:59,281 basehttp 16496 22104 "GET /myapp3/client_orders/5/ HTTP/1.1" 200 412
INFO 2024-02-19 01:11:59,559 basehttp 16496 22104 "GET /myapp3/client_orders/5/ HTTP/1.1" 200 412
WARNING 2024-02-19 01:12:09,707 log 16496 22104 Not Found: /myapp3/client_orders/
WARNING 2024-02-19 01:12:09,708 basehttp 16496 22104 "GET /myapp3/client_orders/ HTTP/1.1" 404 2852
INFO 2024-02-19 01:12:14,338 basehttp 16496 22104 "GET /myapp3/client_orders/10/ HTTP/1.1" 200 412
INFO 2024-02-19 01:18:24,508 autoreload 16496 19192 C:\Users\Aleksandr\PycharmProjects\Django_project_2\myproject\myproject\urls.py changed, reloading.
INFO 2024-02-19 01:18:25,144 autoreload 23572 24680 Watching for file changes with StatReloader
INFO 2024-02-19 01:21:05,147 autoreload 8716 17284 Watching for file changes with StatReloader
INFO 2024-02-19 01:21:09,058 basehttp 8716 24120 "GET /myapp3/client_orders/10/ HTTP/1.1" 200 412
INFO 2024-02-19 01:21:10,331 basehttp 8716 24120 "GET /myapp3/client_orders/10/ HTTP/1.1" 200 412
INFO 2024-02-19 01:21:10,800 basehttp 8716 24120 "GET /myapp3/client_orders/10/ HTTP/1.1" 200 412
INFO 2024-02-19 01:21:11,383 basehttp 8716 24120 "GET /myapp3/client_orders/10/ HTTP/1.1" 200 412
INFO 2024-02-19 01:21:52,238 basehttp 8716 24120 "GET /myapp3/client_orders/10/ HTTP/1.1" 200 412
INFO 2024-02-19 01:21:52,850 basehttp 8716 24120 "GET /myapp3/client_orders/10/ HTTP/1.1" 200 412
INFO 2024-02-19 01:23:25,854 basehttp 8716 24120 "GET /myapp3/client_orders/10/ HTTP/1.1" 200 360
INFO 2024-02-19 01:23:26,469 basehttp 8716 24120 "GET /myapp3/client_orders/10/ HTTP/1.1" 200 360
INFO 2024-02-19 01:24:08,986 basehttp 8716 24120 "GET /myapp3/client_orders/10/ HTTP/1.1" 200 360
INFO 2024-02-19 01:24:09,993 basehttp 8716 24120 "GET /myapp3/client_orders/10/ HTTP/1.1" 200 360
INFO 2024-02-19 01:24:10,940 basehttp 8716 24120 "GET /myapp3/client_orders/10/ HTTP/1.1" 200 360
INFO 2024-02-19 01:24:11,635 basehttp 8716 24120 "GET /myapp3/client_orders/10/ HTTP/1.1" 200 360
INFO 2024-02-19 01:24:12,428 basehttp 8716 24120 "GET /myapp3/client_orders/10/ HTTP/1.1" 200 360
INFO 2024-02-19 01:26:01,123 autoreload 8716 17284 C:\Users\Aleksandr\PycharmProjects\Django_project_2\myproject\myapp3\views.py changed, reloading.
INFO 2024-02-19 01:26:01,750 autoreload 19460 23376 Watching for file changes with StatReloader
INFO 2024-02-19 01:26:23,742 autoreload 19460 23376 C:\Users\Aleksandr\PycharmProjects\Django_project_2\myproject\myapp3\views.py changed, reloading.
INFO 2024-02-19 01:26:24,332 autoreload 16436 20592 Watching for file changes with StatReloader
INFO 2024-02-19 01:26:50,743 autoreload 16436 20592 C:\Users\Aleksandr\PycharmProjects\Django_project_2\myproject\myapp3\views.py changed, reloading.
INFO 2024-02-19 01:26:51,349 autoreload 22544 24764 Watching for file changes with StatReloader
ERROR 2024-02-19 01:26:55,813 log 22544 16952 Internal Server Error: /myapp3/client_orders/10/
Traceback (most recent call last):
  File "C:\Users\Aleksandr\PycharmProjects\Django_project_2\venv\lib\site-packages\django\core\handlers\exception.py", line 55, in inner
    response = get_response(request)
  File "C:\Users\Aleksandr\PycharmProjects\Django_project_2\venv\lib\site-packages\django\core\handlers\base.py", line 197, in _get_response
    response = wrapped_callback(request, *callback_args, **callback_kwargs)
  File "C:\Users\Aleksandr\PycharmProjects\Django_project_2\myproject\myapp3\views.py", line 18, in client_orders
    seven_days_ago = timezone.now() - timedelta(days=7)
NameError: name 'timezone' is not defined
ERROR 2024-02-19 01:26:55,815 basehttp 22544 16952 "GET /myapp3/client_orders/10/ HTTP/1.1" 500 66301
ERROR 2024-02-19 01:27:12,072 log 22544 16952 Internal Server Error: /myapp3/client_orders/10/
Traceback (most recent call last):
  File "C:\Users\Aleksandr\PycharmProjects\Django_project_2\venv\lib\site-packages\django\core\handlers\exception.py", line 55, in inner
    response = get_response(request)
  File "C:\Users\Aleksandr\PycharmProjects\Django_project_2\venv\lib\site-packages\django\core\handlers\base.py", line 197, in _get_response
    response = wrapped_callback(request, *callback_args, **callback_kwargs)
  File "C:\Users\Aleksandr\PycharmProjects\Django_project_2\myproject\myapp3\views.py", line 18, in client_orders
    seven_days_ago = timezone.now() - timedelta(days=7)
NameError: name 'timezone' is not defined
ERROR 2024-02-19 01:27:12,075 basehttp 22544 16952 "GET /myapp3/client_orders/10/ HTTP/1.1" 500 66301
INFO 2024-02-19 01:27:12,912 autoreload 22544 24764 C:\Users\Aleksandr\PycharmProjects\Django_project_2\myproject\myapp3\views.py changed, reloading.
INFO 2024-02-19 01:27:13,562 autoreload 15700 19580 Watching for file changes with StatReloader
INFO 2024-02-19 01:27:14,969 basehttp 15700 15876 "GET /myapp3/client_orders/10/ HTTP/1.1" 200 360
INFO 2024-02-19 01:27:46,511 basehttp 15700 15876 "GET /myapp3/client_orders/10/ HTTP/1.1" 200 360
INFO 2024-02-19 01:27:46,668 autoreload 15700 19580 C:\Users\Aleksandr\PycharmProjects\Django_project_2\myproject\myapp3\views.py changed, reloading.
INFO 2024-02-19 01:27:47,462 autoreload 16796 25148 Watching for file changes with StatReloader
INFO 2024-02-19 01:28:16,805 autoreload 16796 25148 C:\Users\Aleksandr\PycharmProjects\Django_project_2\myproject\myapp3\views.py changed, reloading.
INFO 2024-02-19 01:28:17,420 autoreload 21280 20028 Watching for file changes with StatReloader
INFO 2024-02-19 01:28:19,487 basehttp 21280 24644 "GET /myapp3/client_orders/10/ HTTP/1.1" 200 360
INFO 2024-02-19 01:28:23,393 basehttp 21280 24644 "GET /myapp3/client_orders/10/ HTTP/1.1" 200 360
INFO 2024-02-19 01:28:24,056 basehttp 21280 24644 "GET /myapp3/client_orders/10/ HTTP/1.1" 200 360
INFO 2024-02-19 01:29:49,108 autoreload 21280 20028 C:\Users\Aleksandr\PycharmProjects\Django_project_2\myproject\myapp3\views.py changed, reloading.
INFO 2024-02-19 01:29:49,715 autoreload 25144 16008 Watching for file changes with StatReloader
INFO 2024-02-19 01:29:52,170 basehttp 25144 25452 "GET /myapp3/client_orders/10/ HTTP/1.1" 200 360
INFO 2024-02-19 01:29:53,316 basehttp 25144 25452 "GET /myapp3/client_orders/10/ HTTP/1.1" 200 360
INFO 2024-02-19 01:29:54,646 basehttp 25144 25452 "GET /myapp3/client_orders/10/ HTTP/1.1" 200 360
INFO 2024-02-19 01:29:56,474 basehttp 25144 25452 "GET /myapp3/client_orders/10/ HTTP/1.1" 200 360
INFO 2024-02-19 01:31:30,176 basehttp 25144 25452 "GET /myapp3/client_orders/10/ HTTP/1.1" 200 360
INFO 2024-02-19 01:31:30,782 autoreload 25144 16008 C:\Users\Aleksandr\PycharmProjects\Django_project_2\myproject\myapp3\views.py changed, reloading.
INFO 2024-02-19 01:31:31,480 autoreload 24588 22212 Watching for file changes with StatReloader
INFO 2024-02-19 01:31:31,769 basehttp 24588 13672 "GET /myapp3/client_orders/10/ HTTP/1.1" 200 360
INFO 2024-02-19 01:31:33,323 basehttp 24588 13672 "GET /myapp3/client_orders/10/ HTTP/1.1" 200 360
INFO 2024-02-19 01:31:34,099 basehttp 24588 13672 "GET /myapp3/client_orders/10/ HTTP/1.1" 200 360
INFO 2024-02-19 01:31:51,831 autoreload 24588 22212 C:\Users\Aleksandr\PycharmProjects\Django_project_2\myproject\myapp3\views.py changed, reloading.
INFO 2024-02-19 01:31:52,451 autoreload 14452 23708 Watching for file changes with StatReloader
ERROR 2024-02-19 01:31:54,879 log 14452 8612 Internal Server Error: /myapp3/client_orders/10/
Traceback (most recent call last):
  File "C:\Users\Aleksandr\PycharmProjects\Django_project_2\venv\lib\site-packages\django\core\handlers\exception.py", line 55, in inner
    response = get_response(request)
  File "C:\Users\Aleksandr\PycharmProjects\Django_project_2\venv\lib\site-packages\django\core\handlers\base.py", line 197, in _get_response
    response = wrapped_callback(request, *callback_args, **callback_kwargs)
  File "C:\Users\Aleksandr\PycharmProjects\Django_project_2\myproject\myapp3\views.py", line 32, in client_orders
    return render(request, 'orders.html', context)
NameError: name 'render' is not defined
ERROR 2024-02-19 01:31:54,882 basehttp 14452 8612 "GET /myapp3/client_orders/10/ HTTP/1.1" 500 67772
INFO 2024-02-19 01:33:06,362 autoreload 14452 23708 C:\Users\Aleksandr\PycharmProjects\Django_project_2\myproject\myapp3\views.py changed, reloading.
INFO 2024-02-19 01:33:06,963 autoreload 24936 24912 Watching for file changes with StatReloader
INFO 2024-02-19 01:33:10,721 basehttp 24936 20380 "GET /myapp3/client_orders/10/ HTTP/1.1" 200 360
INFO 2024-02-19 01:33:11,535 basehttp 24936 20380 "GET /myapp3/client_orders/10/ HTTP/1.1" 200 360
INFO 2024-02-19 01:33:12,230 basehttp 24936 20380 "GET /myapp3/client_orders/10/ HTTP/1.1" 200 360
INFO 2024-02-19 01:35:48,972 autoreload 22604 15168 Watching for file changes with StatReloader
INFO 2024-02-19 01:35:52,573 basehttp 22604 21440 "GET /myapp3/client_orders/10/ HTTP/1.1" 200 360
INFO 2024-02-19 01:35:53,384 basehttp 22604 21440 "GET /myapp3/client_orders/10/ HTTP/1.1" 200 360
INFO 2024-02-19 01:35:53,968 basehttp 22604 21440 "GET /myapp3/client_orders/10/ HTTP/1.1" 200 360
INFO 2024-02-19 01:35:54,411 basehttp 22604 21440 "GET /myapp3/client_orders/10/ HTTP/1.1" 200 360
INFO 2024-02-19 01:35:59,788 basehttp 22604 21440 "GET /myapp3/client_orders/1 HTTP/1.1" 301 0
INFO 2024-02-19 01:35:59,800 basehttp 22604 17716 "GET /myapp3/client_orders/1/ HTTP/1.1" 200 360
INFO 2024-02-19 01:36:02,667 basehttp 22604 17716 "GET /myapp3/client_orders/1/ HTTP/1.1" 200 360
INFO 2024-02-19 01:36:03,226 basehttp 22604 17716 "GET /myapp3/client_orders/1/ HTTP/1.1" 200 360
INFO 2024-02-19 01:37:11,346 basehttp 22604 17716 "GET /myapp3/client_orders/1/ HTTP/1.1" 200 360
INFO 2024-02-19 01:37:11,989 basehttp 22604 17716 "GET /myapp3/client_orders/1/ HTTP/1.1" 200 360
INFO 2024-02-19 01:37:12,479 basehttp 22604 17716 "GET /myapp3/client_orders/1/ HTTP/1.1" 200 360
INFO 2024-02-19 01:37:12,871 basehttp 22604 17716 "GET /myapp3/client_orders/1/ HTTP/1.1" 200 360
INFO 2024-02-19 01:37:50,748 autoreload 22604 15168 C:\Users\Aleksandr\PycharmProjects\Django_project_2\myproject\myapp3\views.py changed, reloading.
INFO 2024-02-19 01:37:51,394 autoreload 18924 17892 Watching for file changes with StatReloader
ERROR 2024-02-19 01:37:54,497 log 18924 24600 Internal Server Error: /myapp3/client_orders/1/
Traceback (most recent call last):
  File "C:\Users\Aleksandr\PycharmProjects\Django_project_2\venv\lib\site-packages\django\core\handlers\exception.py", line 55, in inner
    response = get_response(request)
  File "C:\Users\Aleksandr\PycharmProjects\Django_project_2\venv\lib\site-packages\django\core\handlers\base.py", line 197, in _get_response
    response = wrapped_callback(request, *callback_args, **callback_kwargs)
  File "C:\Users\Aleksandr\PycharmProjects\Django_project_2\myproject\myapp3\views.py", line 16, in client_orders
    seven_days_ago = timezone.now() - timedelta(days=7)
AttributeError: type object 'datetime.timezone' has no attribute 'now'
ERROR 2024-02-19 01:37:54,498 basehttp 18924 24600 "GET /myapp3/client_orders/1/ HTTP/1.1" 500 66453
INFO 2024-02-19 01:38:08,881 autoreload 18924 17892 C:\Users\Aleksandr\PycharmProjects\Django_project_2\myproject\myapp3\views.py changed, reloading.
INFO 2024-02-19 01:38:09,499 autoreload 22720 4120 Watching for file changes with StatReloader
INFO 2024-02-19 01:38:12,024 basehttp 22720 22880 "GET /myapp3/client_orders/1/ HTTP/1.1" 200 360
INFO 2024-02-19 01:38:12,939 basehttp 22720 22880 "GET /myapp3/client_orders/1/ HTTP/1.1" 200 360
INFO 2024-02-19 02:02:55,513 autoreload 13136 23904 Watching for file changes with StatReloader
INFO 2024-02-19 02:05:46,278 autoreload 13136 23904 C:\Users\Aleksandr\PycharmProjects\Django_project_2\myproject\myapp3\views.py changed, reloading.
INFO 2024-02-19 02:05:46,954 autoreload 22756 15884 Watching for file changes with StatReloader
INFO 2024-02-19 02:07:16,992 basehttp 22756 22988 "GET /myapp3/ HTTP/1.1" 200 337
WARNING 2024-02-19 02:07:35,685 log 22756 22988 Not Found: /myapp3/2
WARNING 2024-02-19 02:07:35,687 basehttp 22756 22988 "GET /myapp3/2 HTTP/1.1" 404 2813
INFO 2024-02-19 02:07:44,370 basehttp 22756 22988 "GET /myapp3/client_orders/10/ HTTP/1.1" 200 360
INFO 2024-02-19 02:07:46,463 basehttp 22756 22988 "GET /myapp3/client_orders/10/ HTTP/1.1" 200 360
INFO 2024-02-19 02:07:46,954 basehttp 22756 22988 "GET /myapp3/client_orders/10/ HTTP/1.1" 200 360
INFO 2024-02-19 02:08:30,850 autoreload 22756 15884 C:\Users\Aleksandr\PycharmProjects\Django_project_2\myproject\myapp3\views.py changed, reloading.
INFO 2024-02-19 02:08:31,479 autoreload 25404 24564 Watching for file changes with StatReloader
INFO 2024-02-19 02:11:21,488 autoreload 21248 18792 Watching for file changes with StatReloader
INFO 2024-02-19 02:11:25,995 basehttp 21248 21892 "GET /myapp3/client_orders/10/ HTTP/1.1" 200 360
INFO 2024-02-19 02:11:26,589 basehttp 21248 21892 "GET /myapp3/client_orders/10/ HTTP/1.1" 200 360
INFO 2024-02-19 02:11:27,042 basehttp 21248 21892 "GET /myapp3/client_orders/10/ HTTP/1.1" 200 360
INFO 2024-02-19 02:11:27,269 basehttp 21248 21892 "GET /myapp3/client_orders/10/ HTTP/1.1" 200 360
INFO 2024-02-19 02:15:23,355 basehttp 21248 21892 "GET /myapp3/client_orders/10/ HTTP/1.1" 200 388
INFO 2024-02-19 08:49:40,252 autoreload 15644 15048 Watching for file changes with StatReloader
INFO 2024-02-19 08:49:42,106 basehttp 15644 12812 "GET / HTTP/1.1" 200 388
WARNING 2024-02-19 08:49:42,273 log 15644 12812 Not Found: /favicon.ico
WARNING 2024-02-19 08:49:42,274 basehttp 15644 12812 "GET /favicon.ico HTTP/1.1" 404 2548
WARNING 2024-02-19 08:49:59,188 log 15644 12812 Not Found: /myapp2/
WARNING 2024-02-19 08:49:59,189 basehttp 15644 12812 "GET /myapp2/ HTTP/1.1" 404 2536
INFO 2024-02-19 08:50:03,446 basehttp 15644 12812 "GET /myapp3/ HTTP/1.1" 200 337
INFO 2024-02-19 08:50:23,336 basehttp 15644 12812 "GET /myapp3/client_orders/5/ HTTP/1.1" 200 388
INFO 2024-02-19 08:50:35,730 basehttp 15644 12812 "GET /myapp3/client_orders/6/ HTTP/1.1" 200 772
INFO 2024-02-19 08:50:52,080 basehttp 15644 12812 "GET /myapp3/client_orders/7/ HTTP/1.1" 200 388
INFO 2024-02-19 08:51:03,712 basehttp 15644 12812 "GET /myapp3/client_orders/8/ HTTP/1.1" 200 388
INFO 2024-02-19 08:51:15,016 basehttp 15644 12812 "GET /myapp3/client_orders/6/ HTTP/1.1" 200 772
INFO 2024-02-19 08:59:04,251 basehttp 15644 7084 "GET /myapp3/client_orders/7/ HTTP/1.1" 200 388
